#
# A fatal error has been detected by the Java Runtime Environment:
#
#  EXCEPTION_ACCESS_VIOLATION (0xc0000005) at pc=0x00000153c0607f80, pid=692, tid=3144
#
# JRE version: OpenJDK Runtime Environment (11.0.4+10) (build 11.0.4+10-b304.69)
# Java VM: OpenJDK 64-Bit Server VM (11.0.4+10-b304.69, mixed mode, tiered, compressed oops, g1 gc, windows-amd64)
# Problematic frame:
# C  0x00000153c0607f80
#
# No core dump will be written. Minidumps are not enabled by default on client versions of Windows
#
# If you would like to submit a bug report, please visit:
#   http://bugreport.java.com/bugreport/crash.jsp
#

---------------  S U M M A R Y ------------

Command Line: -ea -Didea.test.cyclic.buffer.size=1048576 -javaagent:C:\Program Files\JetBrains\IntelliJ IDEA Community Edition 2019.2.2\lib\idea_rt.jar=56644:C:\Program Files\JetBrains\IntelliJ IDEA Community Edition 2019.2.2\bin -Dfile.encoding=UTF-8 com.intellij.rt.execution.junit.JUnitStarter -ideVersion5 -junit5 lesson3.task1.Tests,squareBetweenExists

Host: Intel(R) Core(TM)2 Duo CPU     E8500  @ 3.16GHz, 2 cores, 3G,  Windows 10 , 64 bit Build 18362 (10.0.18362.329)
Time: Sun Nov  3 20:25:41 2019 RTZ 2 (ceia) elapsed time: 0 seconds (0d 0h 0m 0s)

---------------  T H R E A D  ---------------

Current thread (0x000001542b74d000):  JavaThread "main" [_thread_in_Java, id=3144, stack(0x00000039ea000000,0x00000039ea100000)]

Stack: [0x00000039ea000000,0x00000039ea100000],  sp=0x00000039ea0fe9a8,  free space=1018k
Native frames: (J=compiled Java code, j=interpreted, Vv=VM code, C=native code)
C  0x00000153c0607f80


siginfo: EXCEPTION_ACCESS_VIOLATION (0xc0000005), data execution prevention violation at address 0x00000153c0607f80


Register to memory mapping:

RIP=0x00000153c0607f80 is an unknown value
RAX=0x0000000100001808 is a pointer to class: 
java.lang.String {0x0000000100001810}
RBX={method} {0x0000015442b15e08} 'equals' '(Ljava/lang/Object;)Z' in 'java/lang/String'
RCX=0x0000000000000687 is an unknown value
RDX=0x00000000c3f356e8 is an oop: java.lang.String 
{0x00000000c3f356e8} - klass: 'java/lang/String'
RSP=0x00000039ea0fe9a8 is pointing into the stack for thread: 0x000001542b74d000
RBP=0x00000039ea0feaf8 is pointing into the stack for thread: 0x000001542b74d000
RSI=0x00000000c3f356e8 is an oop: java.lang.String 
{0x00000000c3f356e8} - klass: 'java/lang/String'
RDI=0x00000000c3f33df0 is an oop: java.util.ImmutableCollections$SetN 
{0x00000000c3f33df0} - klass: 'java/util/ImmutableCollections$SetN'
R8 =0x00000000c3f33980 is an oop: java.lang.String 
{0x00000000c3f33980} - klass: 'java/lang/String'
R9 =0x00000000c3f33ec0 is an oop: java.lang.module.ModuleDescriptor$Exports 
{0x00000000c3f33ec0} - klass: 'java/lang/module/ModuleDescriptor$Exports'
R10=0x000001542af21000 points into unknown readable memory: 00 00 00 00 00 00 00 00
R11=0x000001542fbb8220 is at entry_point+32 in (nmethod*)0x000001542fbb8010
R12=0x0 is NULL
R13=0x00000039ea0feaa0 is pointing into the stack for thread: 0x000001542b74d000
R14=0x0000000100034d70 is pointing into metadata
R15=0x000001542b74d000 is a thread


Registers:
RAX=0x0000000100001808, RBX=0x0000015442b15e00, RCX=0x0000000000000687, RDX=0x00000000c3f356e8
RSP=0x00000039ea0fe9a8, RBP=0x00000039ea0feaf8, RSI=0x00000000c3f356e8, RDI=0x00000000c3f33df0
R8 =0x00000000c3f33980, R9 =0x00000000c3f33ec0, R10=0x000001542af21000, R11=0x000001542fbb8220
R12=0x0000000000000000, R13=0x00000039ea0feaa0, R14=0x0000000100034d70, R15=0x000001542b74d000
RIP=0x00000153c0607f80, EFLAGS=0x0000000000010202

Top of Stack: (sp=0x00000039ea0fe9a8)
0x00000039ea0fe9a8:   000001542fb92d54 0000005500000001
0x00000039ea0fe9b8:   00000000c3e2ca88 00000039ea0fea38
0x00000039ea0fe9c8:   0000015400000001 0000000000000000
0x00000039ea0fe9d8:   00000000c3e2d158 0000000027c37c67
0x00000039ea0fe9e8:   00000000c3e2cfc0 00000039ea0feaf8
0x00000039ea0fe9f8:   000001542fbb5454 00000000c3f33df0
0x00000039ea0fea08:   00000000c3f356e8 0000003900000011
0x00000039ea0fea18:   000001542fbb4954 00000039ea0feaf8
0x00000039ea0fea28:   000001542fbb8324 00000039ea0feaf8
0x00000039ea0fea38:   000001542fbb5adc 000001542fbba8a4
0x00000039ea0fea48:   00000000c3f36ef8 00000039ea0feaf8
0x00000039ea0fea58:   000001542fbb4e5c 00000000c3f36e00
0x00000039ea0fea68:   00000000c3f399a0 00000000c3f2fa18
0x00000039ea0fea78:   00000000c3fe9e80 00000039ea0feaf8
0x00000039ea0fea88:   000001542f609615 00000039ea0feaf8
0x00000039ea0fea98:   000001542f609615 00000000c3f356e8 

Instructions: (pc=0x00000153c0607f80)
0x00000153c0607e80:   ?? ?? ?? ?? ?? ?? ?? ?? ?? ?? ?? ?? ?? ?? ?? ??
0x00000153c0607e90:   ?? ?? ?? ?? ?? ?? ?? ?? ?? ?? ?? ?? ?? ?? ?? ??
0x00000153c0607ea0:   ?? ?? ?? ?? ?? ?? ?? ?? ?? ?? ?? ?? ?? ?? ?? ??
0x00000153c0607eb0:   ?? ?? ?? ?? ?? ?? ?? ?? ?? ?? ?? ?? ?? ?? ?? ??
0x00000153c0607ec0:   ?? ?? ?? ?? ?? ?? ?? ?? ?? ?? ?? ?? ?? ?? ?? ??
0x00000153c0607ed0:   ?? ?? ?? ?? ?? ?? ?? ?? ?? ?? ?? ?? ?? ?? ?? ??
0x00000153c0607ee0:   ?? ?? ?? ?? ?? ?? ?? ?? ?? ?? ?? ?? ?? ?? ?? ??
0x00000153c0607ef0:   ?? ?? ?? ?? ?? ?? ?? ?? ?? ?? ?? ?? ?? ?? ?? ??
0x00000153c0607f00:   ?? ?? ?? ?? ?? ?? ?? ?? ?? ?? ?? ?? ?? ?? ?? ??
0x00000153c0607f10:   ?? ?? ?? ?? ?? ?? ?? ?? ?? ?? ?? ?? ?? ?? ?? ??
0x00000153c0607f20:   ?? ?? ?? ?? ?? ?? ?? ?? ?? ?? ?? ?? ?? ?? ?? ??
0x00000153c0607f30:   ?? ?? ?? ?? ?? ?? ?? ?? ?? ?? ?? ?? ?? ?? ?? ??
0x00000153c0607f40:   ?? ?? ?? ?? ?? ?? ?? ?? ?? ?? ?? ?? ?? ?? ?? ??
0x00000153c0607f50:   ?? ?? ?? ?? ?? ?? ?? ?? ?? ?? ?? ?? ?? ?? ?? ??
0x00000153c0607f60:   ?? ?? ?? ?? ?? ?? ?? ?? ?? ?? ?? ?? ?? ?? ?? ??
0x00000153c0607f70:   ?? ?? ?? ?? ?? ?? ?? ?? ?? ?? ?? ?? ?? ?? ?? ??
0x00000153c0607f80:   ?? ?? ?? ?? ?? ?? ?? ?? ?? ?? ?? ?? ?? ?? ?? ??
0x00000153c0607f90:   ?? ?? ?? ?? ?? ?? ?? ?? ?? ?? ?? ?? ?? ?? ?? ??
0x00000153c0607fa0:   ?? ?? ?? ?? ?? ?? ?? ?? ?? ?? ?? ?? ?? ?? ?? ??
0x00000153c0607fb0:   ?? ?? ?? ?? ?? ?? ?? ?? ?? ?? ?? ?? ?? ?? ?? ??
0x00000153c0607fc0:   ?? ?? ?? ?? ?? ?? ?? ?? ?? ?? ?? ?? ?? ?? ?? ??
0x00000153c0607fd0:   ?? ?? ?? ?? ?? ?? ?? ?? ?? ?? ?? ?? ?? ?? ?? ??
0x00000153c0607fe0:   ?? ?? ?? ?? ?? ?? ?? ?? ?? ?? ?? ?? ?? ?? ?? ??
0x00000153c0607ff0:   ?? ?? ?? ?? ?? ?? ?? ?? ?? ?? ?? ?? ?? ?? ?? ??
0x00000153c0608000:   ?? ?? ?? ?? ?? ?? ?? ?? ?? ?? ?? ?? ?? ?? ?? ??
0x00000153c0608010:   ?? ?? ?? ?? ?? ?? ?? ?? ?? ?? ?? ?? ?? ?? ?? ??
0x00000153c0608020:   ?? ?? ?? ?? ?? ?? ?? ?? ?? ?? ?? ?? ?? ?? ?? ??
0x00000153c0608030:   ?? ?? ?? ?? ?? ?? ?? ?? ?? ?? ?? ?? ?? ?? ?? ??
0x00000153c0608040:   ?? ?? ?? ?? ?? ?? ?? ?? ?? ?? ?? ?? ?? ?? ?? ??
0x00000153c0608050:   ?? ?? ?? ?? ?? ?? ?? ?? ?? ?? ?? ?? ?? ?? ?? ??
0x00000153c0608060:   ?? ?? ?? ?? ?? ?? ?? ?? ?? ?? ?? ?? ?? ?? ?? ??
0x00000153c0608070:   ?? ?? ?? ?? ?? ?? ?? ?? ?? ?? ?? ?? ?? ?? ?? ?? 


Stack slot to memory mapping:
stack at sp + 0 slots: 0x000001542fb92d54 is at entry_point+820 in (nmethod*)0x000001542fb92810
stack at sp + 1 slots: 0x0000005500000001 is an unknown value
stack at sp + 2 slots: 0x00000000c3e2ca88 is an oop: [Ljava.util.HashMap$Node; 
{0x00000000c3e2ca88} - klass: 'java/util/HashMap$Node'[]
 - length: 256
stack at sp + 3 slots: 0x00000039ea0fea38 is pointing into the stack for thread: 0x000001542b74d000
stack at sp + 4 slots: 0x0000015400000001 is an unknown value
stack at sp + 5 slots: 0x0 is NULL
stack at sp + 6 slots: 0x00000000c3e2d158 is an oop: java.util.HashMap$Node 
{0x00000000c3e2d158} - klass: 'java/util/HashMap$Node'
stack at sp + 7 slots: 0x0000000027c37c67 is an unknown value


---------------  P R O C E S S  ---------------

Threads class SMR info:
_java_thread_list=0x000001544365c930, length=9, elements={
0x000001542b74d000, 0x0000015443479000, 0x000001544347a800, 0x00000154434d4800,
0x00000154434d6000, 0x00000154434db000, 0x000001544350c000, 0x0000015443658800,
0x0000015443413800
}

Java Threads: ( => current thread )
=>0x000001542b74d000 JavaThread "main" [_thread_in_Java, id=3144, stack(0x00000039ea000000,0x00000039ea100000)]
  0x0000015443479000 JavaThread "Reference Handler" daemon [_thread_blocked, id=7100, stack(0x00000039ea700000,0x00000039ea800000)]
  0x000001544347a800 JavaThread "Finalizer" daemon [_thread_blocked, id=8360, stack(0x00000039ea800000,0x00000039ea900000)]
  0x00000154434d4800 JavaThread "Signal Dispatcher" daemon [_thread_blocked, id=1392, stack(0x00000039ea900000,0x00000039eaa00000)]
  0x00000154434d6000 JavaThread "Attach Listener" daemon [_thread_blocked, id=1644, stack(0x00000039eaa00000,0x00000039eab00000)]
  0x00000154434db000 JavaThread "C2 CompilerThread0" daemon [_thread_blocked, id=7856, stack(0x00000039eab00000,0x00000039eac00000)]
  0x000001544350c000 JavaThread "C1 CompilerThread0" daemon [_thread_blocked, id=8636, stack(0x00000039eac00000,0x00000039ead00000)]
  0x0000015443658800 JavaThread "Sweeper thread" daemon [_thread_blocked, id=7188, stack(0x00000039ead00000,0x00000039eae00000)]
  0x0000015443413800 JavaThread "Common-Cleaner" daemon [_thread_blocked, id=300, stack(0x00000039eae00000,0x00000039eaf00000)]

Other Threads:
  0x0000015443473000 VMThread "VM Thread" [stack: 0x00000039ea600000,0x00000039ea700000] [id=112]
  0x000001542b763800 GCTaskThread "GC Thread#0" [stack: 0x00000039ea100000,0x00000039ea200000] [id=8796]
  0x000001542b780000 ConcurrentGCThread "G1 Main Marker" [stack: 0x00000039ea200000,0x00000039ea300000] [id=5896]
  0x000001542b783000 ConcurrentGCThread "G1 Conc#0" [stack: 0x00000039ea300000,0x00000039ea400000] [id=7528]
  0x000001542b7cf800 ConcurrentGCThread "G1 Refine#0" [stack: 0x00000039ea400000,0x00000039ea500000] [id=3708]
  0x000001542b7d0800 ConcurrentGCThread "G1 Young RemSet Sampling" [stack: 0x00000039ea500000,0x00000039ea600000] [id=2248]

Threads with active compile tasks:

VM state:not at safepoint (normal execution)

VM Mutex/Monitor currently owned by a thread: None

Heap address: 0x00000000c0000000, size: 1024 MB, Compressed Oops mode: 32-bit
Narrow klass base: 0x0000000000000000, Narrow klass shift: 3
Compressed class space size: 1073741824 Address: 0x0000000100000000

Heap:
 garbage-first heap   total 65536K, used 1024K [0x00000000c0000000, 0x0000000100000000)
  region size 1024K, 2 young (2048K), 0 survivors (0K)
 Metaspace       used 4682K, capacity 4731K, committed 4864K, reserved 1056768K
  class space    used 398K, capacity 406K, committed 512K, reserved 1048576K
Heap Regions: E=young(eden), S=young(survivor), O=old, HS=humongous(starts), HC=humongous(continues), CS=collection set, F=free, A=archive, TAMS=top-at-mark-start (previous, next)
|   0|0x00000000c0000000, 0x00000000c0000000, 0x00000000c0100000|  0%| F|  |TAMS 0x00000000c0000000, 0x00000000c0000000| Untracked 
|   1|0x00000000c0100000, 0x00000000c0100000, 0x00000000c0200000|  0%| F|  |TAMS 0x00000000c0100000, 0x00000000c0100000| Untracked 
|   2|0x00000000c0200000, 0x00000000c0200000, 0x00000000c0300000|  0%| F|  |TAMS 0x00000000c0200000, 0x00000000c0200000| Untracked 
|   3|0x00000000c0300000, 0x00000000c0300000, 0x00000000c0400000|  0%| F|  |TAMS 0x00000000c0300000, 0x00000000c0300000| Untracked 
|   4|0x00000000c0400000, 0x00000000c0400000, 0x00000000c0500000|  0%| F|  |TAMS 0x00000000c0400000, 0x00000000c0400000| Untracked 
|   5|0x00000000c0500000, 0x00000000c0500000, 0x00000000c0600000|  0%| F|  |TAMS 0x00000000c0500000, 0x00000000c0500000| Untracked 
|   6|0x00000000c0600000, 0x00000000c0600000, 0x00000000c0700000|  0%| F|  |TAMS 0x00000000c0600000, 0x00000000c0600000| Untracked 
|   7|0x00000000c0700000, 0x00000000c0700000, 0x00000000c0800000|  0%| F|  |TAMS 0x00000000c0700000, 0x00000000c0700000| Untracked 
|   8|0x00000000c0800000, 0x00000000c0800000, 0x00000000c0900000|  0%| F|  |TAMS 0x00000000c0800000, 0x00000000c0800000| Untracked 
|   9|0x00000000c0900000, 0x00000000c0900000, 0x00000000c0a00000|  0%| F|  |TAMS 0x00000000c0900000, 0x00000000c0900000| Untracked 
|  10|0x00000000c0a00000, 0x00000000c0a00000, 0x00000000c0b00000|  0%| F|  |TAMS 0x00000000c0a00000, 0x00000000c0a00000| Untracked 
|  11|0x00000000c0b00000, 0x00000000c0b00000, 0x00000000c0c00000|  0%| F|  |TAMS 0x00000000c0b00000, 0x00000000c0b00000| Untracked 
|  12|0x00000000c0c00000, 0x00000000c0c00000, 0x00000000c0d00000|  0%| F|  |TAMS 0x00000000c0c00000, 0x00000000c0c00000| Untracked 
|  13|0x00000000c0d00000, 0x00000000c0d00000, 0x00000000c0e00000|  0%| F|  |TAMS 0x00000000c0d00000, 0x00000000c0d00000| Untracked 
|  14|0x00000000c0e00000, 0x00000000c0e00000, 0x00000000c0f00000|  0%| F|  |TAMS 0x00000000c0e00000, 0x00000000c0e00000| Untracked 
|  15|0x00000000c0f00000, 0x00000000c0f00000, 0x00000000c1000000|  0%| F|  |TAMS 0x00000000c0f00000, 0x00000000c0f00000| Untracked 
|  16|0x00000000c1000000, 0x00000000c1000000, 0x00000000c1100000|  0%| F|  |TAMS 0x00000000c1000000, 0x00000000c1000000| Untracked 
|  17|0x00000000c1100000, 0x00000000c1100000, 0x00000000c1200000|  0%| F|  |TAMS 0x00000000c1100000, 0x00000000c1100000| Untracked 
|  18|0x00000000c1200000, 0x00000000c1200000, 0x00000000c1300000|  0%| F|  |TAMS 0x00000000c1200000, 0x00000000c1200000| Untracked 
|  19|0x00000000c1300000, 0x00000000c1300000, 0x00000000c1400000|  0%| F|  |TAMS 0x00000000c1300000, 0x00000000c1300000| Untracked 
|  20|0x00000000c1400000, 0x00000000c1400000, 0x00000000c1500000|  0%| F|  |TAMS 0x00000000c1400000, 0x00000000c1400000| Untracked 
|  21|0x00000000c1500000, 0x00000000c1500000, 0x00000000c1600000|  0%| F|  |TAMS 0x00000000c1500000, 0x00000000c1500000| Untracked 
|  22|0x00000000c1600000, 0x00000000c1600000, 0x00000000c1700000|  0%| F|  |TAMS 0x00000000c1600000, 0x00000000c1600000| Untracked 
|  23|0x00000000c1700000, 0x00000000c1700000, 0x00000000c1800000|  0%| F|  |TAMS 0x00000000c1700000, 0x00000000c1700000| Untracked 
|  24|0x00000000c1800000, 0x00000000c1800000, 0x00000000c1900000|  0%| F|  |TAMS 0x00000000c1800000, 0x00000000c1800000| Untracked 
|  25|0x00000000c1900000, 0x00000000c1900000, 0x00000000c1a00000|  0%| F|  |TAMS 0x00000000c1900000, 0x00000000c1900000| Untracked 
|  26|0x00000000c1a00000, 0x00000000c1a00000, 0x00000000c1b00000|  0%| F|  |TAMS 0x00000000c1a00000, 0x00000000c1a00000| Untracked 
|  27|0x00000000c1b00000, 0x00000000c1b00000, 0x00000000c1c00000|  0%| F|  |TAMS 0x00000000c1b00000, 0x00000000c1b00000| Untracked 
|  28|0x00000000c1c00000, 0x00000000c1c00000, 0x00000000c1d00000|  0%| F|  |TAMS 0x00000000c1c00000, 0x00000000c1c00000| Untracked 
|  29|0x00000000c1d00000, 0x00000000c1d00000, 0x00000000c1e00000|  0%| F|  |TAMS 0x00000000c1d00000, 0x00000000c1d00000| Untracked 
|  30|0x00000000c1e00000, 0x00000000c1e00000, 0x00000000c1f00000|  0%| F|  |TAMS 0x00000000c1e00000, 0x00000000c1e00000| Untracked 
|  31|0x00000000c1f00000, 0x00000000c1f00000, 0x00000000c2000000|  0%| F|  |TAMS 0x00000000c1f00000, 0x00000000c1f00000| Untracked 
|  32|0x00000000c2000000, 0x00000000c2000000, 0x00000000c2100000|  0%| F|  |TAMS 0x00000000c2000000, 0x00000000c2000000| Untracked 
|  33|0x00000000c2100000, 0x00000000c2100000, 0x00000000c2200000|  0%| F|  |TAMS 0x00000000c2100000, 0x00000000c2100000| Untracked 
|  34|0x00000000c2200000, 0x00000000c2200000, 0x00000000c2300000|  0%| F|  |TAMS 0x00000000c2200000, 0x00000000c2200000| Untracked 
|  35|0x00000000c2300000, 0x00000000c2300000, 0x00000000c2400000|  0%| F|  |TAMS 0x00000000c2300000, 0x00000000c2300000| Untracked 
|  36|0x00000000c2400000, 0x00000000c2400000, 0x00000000c2500000|  0%| F|  |TAMS 0x00000000c2400000, 0x00000000c2400000| Untracked 
|  37|0x00000000c2500000, 0x00000000c2500000, 0x00000000c2600000|  0%| F|  |TAMS 0x00000000c2500000, 0x00000000c2500000| Untracked 
|  38|0x00000000c2600000, 0x00000000c2600000, 0x00000000c2700000|  0%| F|  |TAMS 0x00000000c2600000, 0x00000000c2600000| Untracked 
|  39|0x00000000c2700000, 0x00000000c2700000, 0x00000000c2800000|  0%| F|  |TAMS 0x00000000c2700000, 0x00000000c2700000| Untracked 
|  40|0x00000000c2800000, 0x00000000c2800000, 0x00000000c2900000|  0%| F|  |TAMS 0x00000000c2800000, 0x00000000c2800000| Untracked 
|  41|0x00000000c2900000, 0x00000000c2900000, 0x00000000c2a00000|  0%| F|  |TAMS 0x00000000c2900000, 0x00000000c2900000| Untracked 
|  42|0x00000000c2a00000, 0x00000000c2a00000, 0x00000000c2b00000|  0%| F|  |TAMS 0x00000000c2a00000, 0x00000000c2a00000| Untracked 
|  43|0x00000000c2b00000, 0x00000000c2b00000, 0x00000000c2c00000|  0%| F|  |TAMS 0x00000000c2b00000, 0x00000000c2b00000| Untracked 
|  44|0x00000000c2c00000, 0x00000000c2c00000, 0x00000000c2d00000|  0%| F|  |TAMS 0x00000000c2c00000, 0x00000000c2c00000| Untracked 
|  45|0x00000000c2d00000, 0x00000000c2d00000, 0x00000000c2e00000|  0%| F|  |TAMS 0x00000000c2d00000, 0x00000000c2d00000| Untracked 
|  46|0x00000000c2e00000, 0x00000000c2e00000, 0x00000000c2f00000|  0%| F|  |TAMS 0x00000000c2e00000, 0x00000000c2e00000| Untracked 
|  47|0x00000000c2f00000, 0x00000000c2f00000, 0x00000000c3000000|  0%| F|  |TAMS 0x00000000c2f00000, 0x00000000c2f00000| Untracked 
|  48|0x00000000c3000000, 0x00000000c3000000, 0x00000000c3100000|  0%| F|  |TAMS 0x00000000c3000000, 0x00000000c3000000| Untracked 
|  49|0x00000000c3100000, 0x00000000c3100000, 0x00000000c3200000|  0%| F|  |TAMS 0x00000000c3100000, 0x00000000c3100000| Untracked 
|  50|0x00000000c3200000, 0x00000000c3200000, 0x00000000c3300000|  0%| F|  |TAMS 0x00000000c3200000, 0x00000000c3200000| Untracked 
|  51|0x00000000c3300000, 0x00000000c3300000, 0x00000000c3400000|  0%| F|  |TAMS 0x00000000c3300000, 0x00000000c3300000| Untracked 
|  52|0x00000000c3400000, 0x00000000c3400000, 0x00000000c3500000|  0%| F|  |TAMS 0x00000000c3400000, 0x00000000c3400000| Untracked 
|  53|0x00000000c3500000, 0x00000000c3500000, 0x00000000c3600000|  0%| F|  |TAMS 0x00000000c3500000, 0x00000000c3500000| Untracked 
|  54|0x00000000c3600000, 0x00000000c3600000, 0x00000000c3700000|  0%| F|  |TAMS 0x00000000c3600000, 0x00000000c3600000| Untracked 
|  55|0x00000000c3700000, 0x00000000c3700000, 0x00000000c3800000|  0%| F|  |TAMS 0x00000000c3700000, 0x00000000c3700000| Untracked 
|  56|0x00000000c3800000, 0x00000000c3800000, 0x00000000c3900000|  0%| F|  |TAMS 0x00000000c3800000, 0x00000000c3800000| Untracked 
|  57|0x00000000c3900000, 0x00000000c3900000, 0x00000000c3a00000|  0%| F|  |TAMS 0x00000000c3900000, 0x00000000c3900000| Untracked 
|  58|0x00000000c3a00000, 0x00000000c3a00000, 0x00000000c3b00000|  0%| F|  |TAMS 0x00000000c3a00000, 0x00000000c3a00000| Untracked 
|  59|0x00000000c3b00000, 0x00000000c3b00000, 0x00000000c3c00000|  0%| F|  |TAMS 0x00000000c3b00000, 0x00000000c3b00000| Untracked 
|  60|0x00000000c3c00000, 0x00000000c3c00000, 0x00000000c3d00000|  0%| F|  |TAMS 0x00000000c3c00000, 0x00000000c3c00000| Untracked 
|  61|0x00000000c3d00000, 0x00000000c3d00000, 0x00000000c3e00000|  0%| F|  |TAMS 0x00000000c3d00000, 0x00000000c3d00000| Untracked 
|  62|0x00000000c3e00000, 0x00000000c3e48398, 0x00000000c3f00000| 28%| E|  |TAMS 0x00000000c3e00000, 0x00000000c3e00000| Complete 
|  63|0x00000000c3f00000, 0x00000000c4000000, 0x00000000c4000000|100%| E|CS|TAMS 0x00000000c3f00000, 0x00000000c3f00000| Complete 

Card table byte_map: [0x000001543e600000,0x000001543e800000] _byte_map_base: 0x000001543e000000

Marking Bits (Prev, Next): (CMBitMap*) 0x000001542b77b0a8, (CMBitMap*) 0x000001542b77b0e0
 Prev Bits: [0x000001543ea00000, 0x000001543fa00000)
 Next Bits: [0x000001543fa00000, 0x0000015440a00000)

Polling page: 0x000001542af20000

Metaspace:

Usage:
  Non-class:      4.22 MB capacity,     4.18 MB (>99%) used,    38.43 KB ( <1%) free+waste,     1.81 KB ( <1%) overhead. 
      Class:    406.00 KB capacity,   398.18 KB ( 98%) used,     6.63 KB (  2%) free+waste,     1.19 KB ( <1%) overhead. 
       Both:      4.62 MB capacity,     4.57 MB ( 99%) used,    45.06 KB ( <1%) free+waste,     3.00 KB ( <1%) overhead. 

Virtual space:
  Non-class space:        8.00 MB reserved,       4.25 MB ( 53%) committed 
      Class space:        1.00 GB reserved,     512.00 KB ( <1%) committed 
             Both:        1.01 GB reserved,       4.75 MB ( <1%) committed 

Chunk freelists:
   Non-Class:  27.00 KB
       Class:  0 bytes
        Both:  27.00 KB

CodeHeap 'non-profiled nmethods': size=120064Kb used=43Kb max_used=43Kb free=120021Kb
 bounds [0x00000154370c0000, 0x0000015437330000, 0x000001543e600000]
CodeHeap 'profiled nmethods': size=120000Kb used=174Kb max_used=174Kb free=119826Kb
 bounds [0x000001542fb90000, 0x000001542fe00000, 0x00000154370c0000]
CodeHeap 'non-nmethods': size=5696Kb used=1016Kb max_used=1027Kb free=4679Kb
 bounds [0x000001542f600000, 0x000001542f870000, 0x000001542fb90000]
 total_blobs=487 nmethods=140 adapters=200
 compilation: enabled
              stopped_count=0, restarted_count=0
 full_count=0

Compilation events (10 events):
Event: 0.359 Thread 0x00000154434db000  132       4       java.lang.String::equals (65 bytes)
Event: 0.359 Thread 0x000001544350c000  137       3       java.util.ImmutableCollections$SetN::iterator (9 bytes)
Event: 0.359 Thread 0x000001544350c000 nmethod 137 0x000001542fbba610 code [0x000001542fbba7e0, 0x000001542fbba9d0]
Event: 0.359 Thread 0x000001544350c000  138       3       java.util.HashMap::<init> (11 bytes)
Event: 0.360 Thread 0x000001544350c000 nmethod 138 0x000001542fbbaa90 code [0x000001542fbbac40, 0x000001542fbbae58]
Event: 0.360 Thread 0x000001544350c000  140       3       java.lang.StringLatin1::lastIndexOf (125 bytes)
Event: 0.360 Thread 0x000001544350c000 nmethod 140 0x000001542fbbaf10 code [0x000001542fbbb100, 0x000001542fbbb5d8]
Event: 0.360 Thread 0x00000154434db000 nmethod 132 0x00000154370ca510 code [0x00000154370ca6a0, 0x00000154370ca818]
Event: 0.360 Thread 0x00000154434db000  139       4       java.lang.module.ModuleDescriptor$Exports::isQualified (18 bytes)
Event: 0.361 Thread 0x00000154434db000 nmethod 139 0x00000154370ca910 code [0x00000154370caaa0, 0x00000154370cab38]

GC Heap History (0 events):
No events

Deoptimization events (0 events):
No events

Classes redefined (0 events):
No events

Internal exceptions (0 events):
No events

Events (10 events):
Event: 0.348 loading class java/util/HashMap$Values
Event: 0.348 loading class java/util/HashMap$Values done
Event: 0.348 loading class java/util/HashMap$ValueIterator
Event: 0.348 loading class java/util/HashMap$ValueIterator done
Event: 0.349 loading class java/util/LinkedHashSet
Event: 0.349 loading class java/util/LinkedHashSet done
Event: 0.349 loading class java/util/Collections$UnmodifiableCollection$1
Event: 0.349 loading class java/util/Collections$UnmodifiableCollection$1 done
Event: 0.350 loading class java/lang/module/ResolvedModule
Event: 0.350 loading class java/lang/module/ResolvedModule done


Dynamic libraries:
0x00007ff7204c0000 - 0x00007ff720507000 	C:\Program Files\JetBrains\IntelliJ IDEA Community Edition 2019.2.2\jbr\bin\java.exe
0x00007ff904460000 - 0x00007ff904650000 	C:\Windows\SYSTEM32\ntdll.dll
0x00007ff903d90000 - 0x00007ff903e42000 	C:\Windows\System32\KERNEL32.DLL
0x00007ff901b70000 - 0x00007ff901e13000 	C:\Windows\System32\KERNELBASE.dll
0x00007ff903be0000 - 0x00007ff903d74000 	C:\Windows\System32\USER32.dll
0x00007ff902150000 - 0x00007ff902171000 	C:\Windows\System32\win32u.dll
0x00007ff903920000 - 0x00007ff903946000 	C:\Windows\System32\GDI32.dll
0x00007ff902280000 - 0x00007ff902414000 	C:\Windows\System32\gdi32full.dll
0x00007ff901e50000 - 0x00007ff901eee000 	C:\Windows\System32\msvcp_win.dll
0x00007ff902180000 - 0x00007ff90227a000 	C:\Windows\System32\ucrtbase.dll
0x00007ff8fa800000 - 0x00007ff8faa85000 	C:\Windows\WinSxS\amd64_microsoft.windows.common-controls_6595b64144ccf1df_6.0.18362.418_none_e6c6b287130d565d\COMCTL32.dll
0x00007ff903ae0000 - 0x00007ff903b7e000 	C:\Windows\System32\msvcrt.dll
0x00007ff903e50000 - 0x00007ff904186000 	C:\Windows\System32\combase.dll
0x00007ff902df0000 - 0x00007ff902f10000 	C:\Windows\System32\RPCRT4.dll
0x00007ff902440000 - 0x00007ff9024c0000 	C:\Windows\System32\bcryptPrimitives.dll
0x00007ff903950000 - 0x00007ff90397e000 	C:\Windows\System32\IMM32.DLL
0x00007ff8ed060000 - 0x00007ff8ed077000 	C:\Program Files\JetBrains\IntelliJ IDEA Community Edition 2019.2.2\jbr\bin\vcruntime140.dll
0x00007ff8d3c80000 - 0x00007ff8d3d1d000 	C:\Program Files\JetBrains\IntelliJ IDEA Community Edition 2019.2.2\jbr\bin\msvcp140.dll
0x00007ff8b7200000 - 0x00007ff8b7cb8000 	C:\Program Files\JetBrains\IntelliJ IDEA Community Edition 2019.2.2\jbr\bin\server\jvm.dll
0x00007ff902d40000 - 0x00007ff902de3000 	C:\Windows\System32\ADVAPI32.dll
0x00007ff902990000 - 0x00007ff902a27000 	C:\Windows\System32\sechost.dll
0x00007ff902510000 - 0x00007ff902518000 	C:\Windows\System32\PSAPI.DLL
0x00007ff8fde10000 - 0x00007ff8fde19000 	C:\Windows\SYSTEM32\WSOCK32.dll
0x00007ff904270000 - 0x00007ff9042df000 	C:\Windows\System32\WS2_32.dll
0x00007ff8ff310000 - 0x00007ff8ff334000 	C:\Windows\SYSTEM32\WINMM.dll
0x00007ff8fb0f0000 - 0x00007ff8fb0fa000 	C:\Windows\SYSTEM32\VERSION.dll
0x00007ff8fee40000 - 0x00007ff8fee6d000 	C:\Windows\SYSTEM32\WINMMBASE.dll
0x00007ff9024c0000 - 0x00007ff90250a000 	C:\Windows\System32\cfgmgr32.dll
0x00007ff901340000 - 0x00007ff901351000 	C:\Windows\System32\kernel.appcore.dll
0x00007ff8fdc60000 - 0x00007ff8fdc71000 	C:\Program Files\JetBrains\IntelliJ IDEA Community Edition 2019.2.2\jbr\bin\verify.dll
0x00007ff8eee50000 - 0x00007ff8ef044000 	C:\Windows\SYSTEM32\DBGHELP.DLL
0x00007ff8eec80000 - 0x00007ff8eecaa000 	C:\Windows\SYSTEM32\dbgcore.DLL
0x00007ff8fcb40000 - 0x00007ff8fcb69000 	C:\Program Files\JetBrains\IntelliJ IDEA Community Edition 2019.2.2\jbr\bin\java.dll
0x00007ff8ede20000 - 0x00007ff8ede54000 	C:\Program Files\JetBrains\IntelliJ IDEA Community Edition 2019.2.2\jbr\bin\instrument.dll
0x00007ff8fdc00000 - 0x00007ff8fdc17000 	C:\Program Files\JetBrains\IntelliJ IDEA Community Edition 2019.2.2\jbr\bin\zip.dll
0x00007ff8fddf0000 - 0x00007ff8fddfb000 	C:\Program Files\JetBrains\IntelliJ IDEA Community Edition 2019.2.2\jbr\bin\jimage.dll
0x00007ff902f10000 - 0x00007ff9035f5000 	C:\Windows\System32\SHELL32.dll
0x00007ff903870000 - 0x00007ff903919000 	C:\Windows\System32\shcore.dll
0x00007ff9013f0000 - 0x00007ff901b6f000 	C:\Windows\System32\windows.storage.dll
0x00007ff9013d0000 - 0x00007ff9013ef000 	C:\Windows\System32\profapi.dll
0x00007ff901360000 - 0x00007ff9013aa000 	C:\Windows\System32\powrprof.dll
0x00007ff901330000 - 0x00007ff901340000 	C:\Windows\System32\UMPDC.dll
0x00007ff904340000 - 0x00007ff904392000 	C:\Windows\System32\shlwapi.dll
0x00007ff902420000 - 0x00007ff902437000 	C:\Windows\System32\cryptsp.dll

dbghelp: loaded successfully - version: 4.0.5 - missing functions: none
symbol engine: initialized successfully - sym options: 0x614 - pdb path: .;C:\Program Files\JetBrains\IntelliJ IDEA Community Edition 2019.2.2\jbr\bin;C:\Windows\SYSTEM32;C:\Windows\WinSxS\amd64_microsoft.windows.common-controls_6595b64144ccf1df_6.0.18362.418_none_e6c6b287130d565d;C:\Program Files\JetBrains\IntelliJ IDEA Community Edition 2019.2.2\jbr\bin\server

VM Arguments:
jvm_args: -ea -Didea.test.cyclic.buffer.size=1048576 -javaagent:C:\Program Files\JetBrains\IntelliJ IDEA Community Edition 2019.2.2\lib\idea_rt.jar=56644:C:\Program Files\JetBrains\IntelliJ IDEA Community Edition 2019.2.2\bin -Dfile.encoding=UTF-8 
java_command: com.intellij.rt.execution.junit.JUnitStarter -ideVersion5 -junit5 lesson3.task1.Tests,squareBetweenExists
java_class_path (initial): C:\Program Files\JetBrains\IntelliJ IDEA Community Edition 2019.2.2\lib\idea_rt.jar;C:\Program Files\JetBrains\IntelliJ IDEA Community Edition 2019.2.2\plugins\junit\lib\junit-rt.jar;C:\Program Files\JetBrains\IntelliJ IDEA Community Edition 2019.2.2\plugins\junit\lib\junit5-rt.jar;C:\Users\esyre\.m2\repository\org\junit\platform\junit-platform-launcher\1.5.1\junit-platform-launcher-1.5.1.jar;C:\Users\esyre\.m2\repository\org\apiguardian\apiguardian-api\1.1.0\apiguardian-api-1.1.0.jar;C:\Users\esyre\.m2\repository\org\junit\platform\junit-platform-engine\1.5.1\junit-platform-engine-1.5.1.jar;C:\Users\esyre\.m2\repository\org\opentest4j\opentest4j\1.2.0\opentest4j-1.2.0.jar;C:\Users\esyre\.m2\repository\org\junit\platform\junit-platform-commons\1.5.1\junit-platform-commons-1.5.1.jar;C:\Users\esyre\.m2\repository\org\junit\vintage\junit-vintage-engine\5.5.1\junit-vintage-engine-5.5.1.jar;C:\Users\esyre\.m2\repository\junit\junit\4.12\junit-4.12.jar;C:\Users\esyre\.m2\repository\org\hamcrest\hamcrest-core\1.3\hamcrest-core-1.3.jar;C:\Users\esyre\IdeaProjects\KotlinAsFirst2019\target\test-classes;C:\Users\esyre\IdeaProjects\KotlinAsFirst2019\target\classes;C:\Users\esyre\.m2\repository\org\jetbrains\kotlin\kotlin-stdlib\1.3.41\kotlin-stdlib-1.3.41.jar;C:\Users\esyre\.m2\repository\org\jetbrains\kotlin\kotlin-stdlib-common\1.3.41\kotlin-stdlib-common-1.3.41.jar;C:\Users\esyre\.m2\repository\org\jetbrains\annotations\13.0\annotations-13.0.jar;C:\Users\esyre\.m2\repository\org\jetbrains\kotlin\kotlin-reflect\1.3.41\kotlin-reflect-1.3.41.jar;C:\Users\esyre\.m2\repository\org\jetbrains\kotlinx\kotlinx-html-jvm\0.6.12\kotlinx-html-jvm-0.6.12.jar;C:\Users\esyre\.m2\repository\ru\spbstu\kcheck\0.0.0.4\kcheck-0.0.0.4.jar;C:\Users\esyre\.m2\repository\ru\spbstu\kotlin-type-classes\0.0.0.4\kotlin-type-classes-0.0.0.4.jar;C:\Users\esyre\.m2\repository\ru\spbstu\kotlin-wheels\0.0.0.1\kotlin-wheels-0.0.0.1.jar;C:\Users\esyre\.m2\repository\ru\spbstu\kotli
Launcher Type: SUN_STANDARD

[Global flags]
     intx CICompilerCount                          = 2                                         {product} {ergonomic}
     uint ConcGCThreads                            = 1                                         {product} {ergonomic}
     uint G1ConcRefinementThreads                  = 2                                         {product} {ergonomic}
   size_t G1HeapRegionSize                         = 1048576                                   {product} {ergonomic}
    uintx GCDrainStackTargetSize                   = 64                                        {product} {ergonomic}
   size_t InitialHeapSize                          = 67108864                                  {product} {ergonomic}
   size_t MarkStackSize                            = 4194304                                   {product} {ergonomic}
   size_t MaxHeapSize                              = 1073741824                                {product} {ergonomic}
   size_t MaxNewSize                               = 643825664                                 {product} {ergonomic}
   size_t MinHeapDeltaBytes                        = 1048576                                   {product} {ergonomic}
    uintx NonNMethodCodeHeapSize                   = 5824844                                {pd product} {ergonomic}
    uintx NonProfiledCodeHeapSize                  = 122916698                              {pd product} {ergonomic}
    uintx ProfiledCodeHeapSize                     = 122916698                              {pd product} {ergonomic}
    uintx ReservedCodeCacheSize                    = 251658240                              {pd product} {ergonomic}
     bool SegmentedCodeCache                       = true                                      {product} {ergonomic}
     bool UseCompressedClassPointers               = true                                 {lp64_product} {ergonomic}
     bool UseCompressedOops                        = true                                 {lp64_product} {ergonomic}
     bool UseG1GC                                  = true                                      {product} {ergonomic}
     bool UseLargePagesIndividualAllocation        = false                                  {pd product} {ergonomic}

Logging:
Log output configuration:
 #0: stdout all=warning uptime,level,tags
 #1: stderr all=off uptime,level,tags

Environment Variables:
PATH=;C:\Program Files (x86)\Common Files\Intel\Shared Libraries\redist\intel64\compiler;C:\Windows\system32;C:\Windows;C:\Windows\System32\Wbem;C:\Windows\System32\WindowsPowerShell\v1.0\;C:\Windows\System32\OpenSSH\;C:\Program Files (x86)\Common Files\Acronis\SnapAPI\;C:\Program Files\Git\cmd;C:\Users\esyre\AppData\Local\Microsoft\WindowsApps;C:\adb;C:\Users\esyre\AppData\Local\Microsoft\WindowsApps;
USERNAME=esyre
OS=Windows_NT
PROCESSOR_IDENTIFIER=Intel64 Family 6 Model 23 Stepping 10, GenuineIntel



---------------  S Y S T E M  ---------------

OS: Windows 10 , 64 bit Build 18362 (10.0.18362.329)

CPU:total 2 (initial active 2) (2 cores per cpu, 1 threads per core) family 6 model 23 stepping 10, cmov, cx8, fxsr, mmx, sse, sse2, sse3, ssse3, sse4.1, tsc

Memory: 4k page, system-wide physical 4095M (518M free)
TotalPageFile size 14847M (AvailPageFile size 7024M)
current process WorkingSet (physical memory assigned to process): 31M, peak: 31M
current process commit charge ("private bytes"): 123M, peak: 123M

vm_info: OpenJDK 64-Bit Server VM (11.0.4+10-b304.69) for windows-amd64 JRE (11.0.4+10-b304.69), built on Sep  9 2019 11:39:50 by "" with MS VC++ 14.0 (VS2015)

END.
