#
# A fatal error has been detected by the Java Runtime Environment:
#
#  EXCEPTION_ACCESS_VIOLATION (0xc0000005) at pc=0x000001e048fe7f80, pid=8392, tid=3604
#
# JRE version: OpenJDK Runtime Environment (11.0.4+10) (build 11.0.4+10-b304.69)
# Java VM: OpenJDK 64-Bit Server VM (11.0.4+10-b304.69, mixed mode, tiered, compressed oops, g1 gc, windows-amd64)
# Problematic frame:
# C  0x000001e048fe7f80
#
# No core dump will be written. Minidumps are not enabled by default on client versions of Windows
#
# If you would like to submit a bug report, please visit:
#   http://bugreport.java.com/bugreport/crash.jsp
#

---------------  S U M M A R Y ------------

Command Line: -ea -Didea.test.cyclic.buffer.size=1048576 -javaagent:C:\Program Files\JetBrains\IntelliJ IDEA Community Edition 2019.2.2\lib\idea_rt.jar=56677:C:\Program Files\JetBrains\IntelliJ IDEA Community Edition 2019.2.2\bin -Dfile.encoding=UTF-8 com.intellij.rt.execution.junit.JUnitStarter -ideVersion5 -junit5 lesson3.task1.Tests,squareBetweenExists

Host: Intel(R) Core(TM)2 Duo CPU     E8500  @ 3.16GHz, 2 cores, 3G,  Windows 10 , 64 bit Build 18362 (10.0.18362.329)
Time: Sun Nov  3 20:25:58 2019 RTZ 2 (ceia) elapsed time: 1 seconds (0d 0h 0m 1s)

---------------  T H R E A D  ---------------

Current thread (0x000001e0b412d000):  JavaThread "main" [_thread_in_Java, id=3604, stack(0x0000003029000000,0x0000003029100000)]

Stack: [0x0000003029000000,0x0000003029100000],  sp=0x00000030290fcda8,  free space=1011k
Native frames: (J=compiled Java code, j=interpreted, Vv=VM code, C=native code)
C  0x000001e048fe7f80


siginfo: EXCEPTION_ACCESS_VIOLATION (0xc0000005), data execution prevention violation at address 0x000001e048fe7f80


Register to memory mapping:

RIP=0x000001e048fe7f80 is an unknown value
RAX={method} {0x000001e0cba757c8} 'set' '(ILjava/lang/String;Ljava/lang/String;Ljava/lang/String;)V' in 'jdk/internal/org/objectweb/asm/Item'
RBX={method} {0x000001e0cba757c8} 'set' '(ILjava/lang/String;Ljava/lang/String;Ljava/lang/String;)V' in 'jdk/internal/org/objectweb/asm/Item'
RCX=0x00000000c3c1dae8 is an oop: jdk.internal.org.objectweb.asm.Item 
{0x00000000c3c1dae8} - klass: 'jdk/internal/org/objectweb/asm/Item'
RDX=0x00000000c3c1dae8 is an oop: jdk.internal.org.objectweb.asm.Item 
{0x00000000c3c1dae8} - klass: 'jdk/internal/org/objectweb/asm/Item'
RSP=0x00000030290fcda8 is pointing into the stack for thread: 0x000001e0b412d000
RBP=0x00000030290fce28 is pointing into the stack for thread: 0x000001e0b412d000
RSI=0x00000000c00c8240 is an oop: java.lang.String 
{0x00000000c00c8240} - klass: 'java/lang/String'
RDI=0x00000000c3830f58 is an oop: java.lang.String 
{0x00000000c3830f58} - klass: 'java/lang/String'
R8 =0x000000000000000a is an unknown value
R9 =0x00000000c38d5900 is an oop: java.lang.String 
{0x00000000c38d5900} - klass: 'java/lang/String'
R10=0x00007ff8b7bfe880 jvm.dll
R11=0x000001e0b8585ee0 is at entry_point+32 in (nmethod*)0x000001e0b8585c90
R12=0x0 is NULL
R13=0x00000030290fcdb8 is pointing into the stack for thread: 0x000001e0b412d000
R14=0x00000030290fce68 is pointing into the stack for thread: 0x000001e0b412d000
R15=0x000001e0b412d000 is a thread


Registers:
RAX=0x000001e0cba757c0, RBX=0x000001e0cba757c0, RCX=0x00000000c3c1dae8, RDX=0x00000000c3c1dae8
RSP=0x00000030290fcda8, RBP=0x00000030290fce28, RSI=0x00000000c00c8240, RDI=0x00000000c3830f58
R8 =0x000000000000000a, R9 =0x00000000c38d5900, R10=0x00007ff8b7bfe880, R11=0x000001e0b8585ee0
R12=0x0000000000000000, R13=0x00000030290fcdb8, R14=0x00000030290fce68, R15=0x000001e0b412d000
RIP=0x000001e048fe7f80, EFLAGS=0x0000000000010202

Top of Stack: (sp=0x00000030290fcda8)
0x00000030290fcda8:   000001e0b7fe9e03 000001e0b7fe9e03
0x00000030290fcdb8:   00000000c00c8240 00000000c3830f58
0x00000030290fcdc8:   00000000c38d5900 000000000000000a
0x00000030290fcdd8:   00000000c3c1dae8 00000030290fcde0
0x00000030290fcde8:   000001e0cba6fbff 00000030290fce68
0x00000030290fcdf8:   000001e0cba72200 000001e0cccdb108
0x00000030290fce08:   00000000c00c89b8 000001e0cba6fca8
0x00000030290fce18:   00000030290fcdb8 00000030290fce70
0x00000030290fce28:   00000030290fcf60 000001e0b86a3494
0x00000030290fce38:   0000000000000000 000000000000000a
0x00000030290fce48:   0000000000000000 00000000c00c8240
0x00000030290fce58:   00000000c3830f58 00000000c38d5900
0x00000030290fce68:   00000000c3c1d550 00000030290fcf60
0x00000030290fce78:   000001e0b85de66c 0000000000000002
0x00000030290fce88:   00000000c3c1cdd0 00000000c3c1e3e0
0x00000030290fce98:   00000000c3c1cdd0 00000000c3c1e600 

Instructions: (pc=0x000001e048fe7f80)
0x000001e048fe7e80:   ?? ?? ?? ?? ?? ?? ?? ?? ?? ?? ?? ?? ?? ?? ?? ??
0x000001e048fe7e90:   ?? ?? ?? ?? ?? ?? ?? ?? ?? ?? ?? ?? ?? ?? ?? ??
0x000001e048fe7ea0:   ?? ?? ?? ?? ?? ?? ?? ?? ?? ?? ?? ?? ?? ?? ?? ??
0x000001e048fe7eb0:   ?? ?? ?? ?? ?? ?? ?? ?? ?? ?? ?? ?? ?? ?? ?? ??
0x000001e048fe7ec0:   ?? ?? ?? ?? ?? ?? ?? ?? ?? ?? ?? ?? ?? ?? ?? ??
0x000001e048fe7ed0:   ?? ?? ?? ?? ?? ?? ?? ?? ?? ?? ?? ?? ?? ?? ?? ??
0x000001e048fe7ee0:   ?? ?? ?? ?? ?? ?? ?? ?? ?? ?? ?? ?? ?? ?? ?? ??
0x000001e048fe7ef0:   ?? ?? ?? ?? ?? ?? ?? ?? ?? ?? ?? ?? ?? ?? ?? ??
0x000001e048fe7f00:   ?? ?? ?? ?? ?? ?? ?? ?? ?? ?? ?? ?? ?? ?? ?? ??
0x000001e048fe7f10:   ?? ?? ?? ?? ?? ?? ?? ?? ?? ?? ?? ?? ?? ?? ?? ??
0x000001e048fe7f20:   ?? ?? ?? ?? ?? ?? ?? ?? ?? ?? ?? ?? ?? ?? ?? ??
0x000001e048fe7f30:   ?? ?? ?? ?? ?? ?? ?? ?? ?? ?? ?? ?? ?? ?? ?? ??
0x000001e048fe7f40:   ?? ?? ?? ?? ?? ?? ?? ?? ?? ?? ?? ?? ?? ?? ?? ??
0x000001e048fe7f50:   ?? ?? ?? ?? ?? ?? ?? ?? ?? ?? ?? ?? ?? ?? ?? ??
0x000001e048fe7f60:   ?? ?? ?? ?? ?? ?? ?? ?? ?? ?? ?? ?? ?? ?? ?? ??
0x000001e048fe7f70:   ?? ?? ?? ?? ?? ?? ?? ?? ?? ?? ?? ?? ?? ?? ?? ??
0x000001e048fe7f80:   ?? ?? ?? ?? ?? ?? ?? ?? ?? ?? ?? ?? ?? ?? ?? ??
0x000001e048fe7f90:   ?? ?? ?? ?? ?? ?? ?? ?? ?? ?? ?? ?? ?? ?? ?? ??
0x000001e048fe7fa0:   ?? ?? ?? ?? ?? ?? ?? ?? ?? ?? ?? ?? ?? ?? ?? ??
0x000001e048fe7fb0:   ?? ?? ?? ?? ?? ?? ?? ?? ?? ?? ?? ?? ?? ?? ?? ??
0x000001e048fe7fc0:   ?? ?? ?? ?? ?? ?? ?? ?? ?? ?? ?? ?? ?? ?? ?? ??
0x000001e048fe7fd0:   ?? ?? ?? ?? ?? ?? ?? ?? ?? ?? ?? ?? ?? ?? ?? ??
0x000001e048fe7fe0:   ?? ?? ?? ?? ?? ?? ?? ?? ?? ?? ?? ?? ?? ?? ?? ??
0x000001e048fe7ff0:   ?? ?? ?? ?? ?? ?? ?? ?? ?? ?? ?? ?? ?? ?? ?? ??
0x000001e048fe8000:   ?? ?? ?? ?? ?? ?? ?? ?? ?? ?? ?? ?? ?? ?? ?? ??
0x000001e048fe8010:   ?? ?? ?? ?? ?? ?? ?? ?? ?? ?? ?? ?? ?? ?? ?? ??
0x000001e048fe8020:   ?? ?? ?? ?? ?? ?? ?? ?? ?? ?? ?? ?? ?? ?? ?? ??
0x000001e048fe8030:   ?? ?? ?? ?? ?? ?? ?? ?? ?? ?? ?? ?? ?? ?? ?? ??
0x000001e048fe8040:   ?? ?? ?? ?? ?? ?? ?? ?? ?? ?? ?? ?? ?? ?? ?? ??
0x000001e048fe8050:   ?? ?? ?? ?? ?? ?? ?? ?? ?? ?? ?? ?? ?? ?? ?? ??
0x000001e048fe8060:   ?? ?? ?? ?? ?? ?? ?? ?? ?? ?? ?? ?? ?? ?? ?? ??
0x000001e048fe8070:   ?? ?? ?? ?? ?? ?? ?? ?? ?? ?? ?? ?? ?? ?? ?? ?? 


Stack slot to memory mapping:
stack at sp + 0 slots: 0x000001e0b7fe9e03 is at code_begin+2307 in an Interpreter codelet
invoke return entry points  [0x000001e0b7fe9500, 0x000001e0b7fe9ee0]  2528 bytes
stack at sp + 1 slots: 0x000001e0b7fe9e03 is at code_begin+2307 in an Interpreter codelet
invoke return entry points  [0x000001e0b7fe9500, 0x000001e0b7fe9ee0]  2528 bytes
stack at sp + 2 slots: 0x00000000c00c8240 is an oop: java.lang.String 
{0x00000000c00c8240} - klass: 'java/lang/String'
stack at sp + 3 slots: 0x00000000c3830f58 is an oop: java.lang.String 
{0x00000000c3830f58} - klass: 'java/lang/String'
stack at sp + 4 slots: 0x00000000c38d5900 is an oop: java.lang.String 
{0x00000000c38d5900} - klass: 'java/lang/String'
stack at sp + 5 slots: 0x000000000000000a is an unknown value
stack at sp + 6 slots: 0x00000000c3c1dae8 is an oop: jdk.internal.org.objectweb.asm.Item 
{0x00000000c3c1dae8} - klass: 'jdk/internal/org/objectweb/asm/Item'
stack at sp + 7 slots: 0x00000030290fcde0 is pointing into the stack for thread: 0x000001e0b412d000


---------------  P R O C E S S  ---------------

Threads class SMR info:
_java_thread_list=0x000001e0cc229ed0, length=11, elements={
0x000001e0b412d000, 0x000001e0cb65c000, 0x000001e0cb65d800, 0x000001e0cb6ae000,
0x000001e0cb6af000, 0x000001e0cb6b4000, 0x000001e0cb6bf000, 0x000001e0cc040000,
0x000001e0cb614800, 0x000001e0cc33b800, 0x000001e0cc33c000
}

Java Threads: ( => current thread )
=>0x000001e0b412d000 JavaThread "main" [_thread_in_Java, id=3604, stack(0x0000003029000000,0x0000003029100000)]
  0x000001e0cb65c000 JavaThread "Reference Handler" daemon [_thread_blocked, id=8088, stack(0x0000003029800000,0x0000003029900000)]
  0x000001e0cb65d800 JavaThread "Finalizer" daemon [_thread_blocked, id=8512, stack(0x0000003029900000,0x0000003029a00000)]
  0x000001e0cb6ae000 JavaThread "Signal Dispatcher" daemon [_thread_blocked, id=9564, stack(0x0000003029a00000,0x0000003029b00000)]
  0x000001e0cb6af000 JavaThread "Attach Listener" daemon [_thread_blocked, id=8620, stack(0x0000003029b00000,0x0000003029c00000)]
  0x000001e0cb6b4000 JavaThread "C2 CompilerThread0" daemon [_thread_blocked, id=6256, stack(0x0000003029c00000,0x0000003029d00000)]
  0x000001e0cb6bf000 JavaThread "C1 CompilerThread0" daemon [_thread_blocked, id=8568, stack(0x0000003029d00000,0x0000003029e00000)]
  0x000001e0cc040000 JavaThread "Sweeper thread" daemon [_thread_blocked, id=8988, stack(0x0000003029e00000,0x0000003029f00000)]
  0x000001e0cb614800 JavaThread "Common-Cleaner" daemon [_thread_blocked, id=240, stack(0x0000003029f00000,0x000000302a000000)]
  0x000001e0cc33b800 JavaThread "Monitor Ctrl-Break" daemon [_thread_in_native, id=4448, stack(0x000000302a000000,0x000000302a100000)]
  0x000001e0cc33c000 JavaThread "Service Thread" daemon [_thread_blocked, id=184, stack(0x000000302a100000,0x000000302a200000)]

Other Threads:
  0x000001e0cb656800 VMThread "VM Thread" [stack: 0x0000003029700000,0x0000003029800000] [id=4700]
  0x000001e0cc276800 WatcherThread [stack: 0x000000302a200000,0x000000302a300000] [id=5224]
  0x000001e0b4144000 GCTaskThread "GC Thread#0" [stack: 0x0000003029200000,0x0000003029300000] [id=5652]
  0x000001e0cc667000 GCTaskThread "GC Thread#1" [stack: 0x000000302a300000,0x000000302a400000] [id=9380]
  0x000001e0b4160000 ConcurrentGCThread "G1 Main Marker" [stack: 0x0000003029300000,0x0000003029400000] [id=8400]
  0x000001e0b4163000 ConcurrentGCThread "G1 Conc#0" [stack: 0x0000003029400000,0x0000003029500000] [id=9120]
  0x000001e0b41af800 ConcurrentGCThread "G1 Refine#0" [stack: 0x0000003029500000,0x0000003029600000] [id=5328]
  0x000001e0b41b0800 ConcurrentGCThread "G1 Young RemSet Sampling" [stack: 0x0000003029600000,0x0000003029700000] [id=1280]

Threads with active compile tasks:

VM state:not at safepoint (normal execution)

VM Mutex/Monitor currently owned by a thread: None

Heap address: 0x00000000c0000000, size: 1024 MB, Compressed Oops mode: 32-bit
Narrow klass base: 0x0000000000000000, Narrow klass shift: 3
Compressed class space size: 1073741824 Address: 0x0000000100000000

Heap:
 garbage-first heap   total 65536K, used 5285K [0x00000000c0000000, 0x0000000100000000)
  region size 1024K, 5 young (5120K), 1 survivors (1024K)
 Metaspace       used 10532K, capacity 10828K, committed 10880K, reserved 1058816K
  class space    used 1035K, capacity 1119K, committed 1152K, reserved 1048576K
Heap Regions: E=young(eden), S=young(survivor), O=old, HS=humongous(starts), HC=humongous(continues), CS=collection set, F=free, A=archive, TAMS=top-at-mark-start (previous, next)
|   0|0x00000000c0000000, 0x00000000c0100000, 0x00000000c0100000|100%| O|  |TAMS 0x00000000c0000000, 0x00000000c0000000| Untracked 
|   1|0x00000000c0100000, 0x00000000c0129600, 0x00000000c0200000| 16%| O|  |TAMS 0x00000000c0100000, 0x00000000c0100000| Untracked 
|   2|0x00000000c0200000, 0x00000000c0200000, 0x00000000c0300000|  0%| F|  |TAMS 0x00000000c0200000, 0x00000000c0200000| Untracked 
|   3|0x00000000c0300000, 0x00000000c0300000, 0x00000000c0400000|  0%| F|  |TAMS 0x00000000c0300000, 0x00000000c0300000| Untracked 
|   4|0x00000000c0400000, 0x00000000c0400000, 0x00000000c0500000|  0%| F|  |TAMS 0x00000000c0400000, 0x00000000c0400000| Untracked 
|   5|0x00000000c0500000, 0x00000000c0500000, 0x00000000c0600000|  0%| F|  |TAMS 0x00000000c0500000, 0x00000000c0500000| Untracked 
|   6|0x00000000c0600000, 0x00000000c0600000, 0x00000000c0700000|  0%| F|  |TAMS 0x00000000c0600000, 0x00000000c0600000| Untracked 
|   7|0x00000000c0700000, 0x00000000c0700000, 0x00000000c0800000|  0%| F|  |TAMS 0x00000000c0700000, 0x00000000c0700000| Untracked 
|   8|0x00000000c0800000, 0x00000000c0800000, 0x00000000c0900000|  0%| F|  |TAMS 0x00000000c0800000, 0x00000000c0800000| Untracked 
|   9|0x00000000c0900000, 0x00000000c0900000, 0x00000000c0a00000|  0%| F|  |TAMS 0x00000000c0900000, 0x00000000c0900000| Untracked 
|  10|0x00000000c0a00000, 0x00000000c0a00000, 0x00000000c0b00000|  0%| F|  |TAMS 0x00000000c0a00000, 0x00000000c0a00000| Untracked 
|  11|0x00000000c0b00000, 0x00000000c0b00000, 0x00000000c0c00000|  0%| F|  |TAMS 0x00000000c0b00000, 0x00000000c0b00000| Untracked 
|  12|0x00000000c0c00000, 0x00000000c0c00000, 0x00000000c0d00000|  0%| F|  |TAMS 0x00000000c0c00000, 0x00000000c0c00000| Untracked 
|  13|0x00000000c0d00000, 0x00000000c0d00000, 0x00000000c0e00000|  0%| F|  |TAMS 0x00000000c0d00000, 0x00000000c0d00000| Untracked 
|  14|0x00000000c0e00000, 0x00000000c0e00000, 0x00000000c0f00000|  0%| F|  |TAMS 0x00000000c0e00000, 0x00000000c0e00000| Untracked 
|  15|0x00000000c0f00000, 0x00000000c0f00000, 0x00000000c1000000|  0%| F|  |TAMS 0x00000000c0f00000, 0x00000000c0f00000| Untracked 
|  16|0x00000000c1000000, 0x00000000c1000000, 0x00000000c1100000|  0%| F|  |TAMS 0x00000000c1000000, 0x00000000c1000000| Untracked 
|  17|0x00000000c1100000, 0x00000000c1100000, 0x00000000c1200000|  0%| F|  |TAMS 0x00000000c1100000, 0x00000000c1100000| Untracked 
|  18|0x00000000c1200000, 0x00000000c1200000, 0x00000000c1300000|  0%| F|  |TAMS 0x00000000c1200000, 0x00000000c1200000| Untracked 
|  19|0x00000000c1300000, 0x00000000c1300000, 0x00000000c1400000|  0%| F|  |TAMS 0x00000000c1300000, 0x00000000c1300000| Untracked 
|  20|0x00000000c1400000, 0x00000000c1400000, 0x00000000c1500000|  0%| F|  |TAMS 0x00000000c1400000, 0x00000000c1400000| Untracked 
|  21|0x00000000c1500000, 0x00000000c1500000, 0x00000000c1600000|  0%| F|  |TAMS 0x00000000c1500000, 0x00000000c1500000| Untracked 
|  22|0x00000000c1600000, 0x00000000c1600000, 0x00000000c1700000|  0%| F|  |TAMS 0x00000000c1600000, 0x00000000c1600000| Untracked 
|  23|0x00000000c1700000, 0x00000000c1700000, 0x00000000c1800000|  0%| F|  |TAMS 0x00000000c1700000, 0x00000000c1700000| Untracked 
|  24|0x00000000c1800000, 0x00000000c1800000, 0x00000000c1900000|  0%| F|  |TAMS 0x00000000c1800000, 0x00000000c1800000| Untracked 
|  25|0x00000000c1900000, 0x00000000c1900000, 0x00000000c1a00000|  0%| F|  |TAMS 0x00000000c1900000, 0x00000000c1900000| Untracked 
|  26|0x00000000c1a00000, 0x00000000c1a00000, 0x00000000c1b00000|  0%| F|  |TAMS 0x00000000c1a00000, 0x00000000c1a00000| Untracked 
|  27|0x00000000c1b00000, 0x00000000c1b00000, 0x00000000c1c00000|  0%| F|  |TAMS 0x00000000c1b00000, 0x00000000c1b00000| Untracked 
|  28|0x00000000c1c00000, 0x00000000c1c00000, 0x00000000c1d00000|  0%| F|  |TAMS 0x00000000c1c00000, 0x00000000c1c00000| Untracked 
|  29|0x00000000c1d00000, 0x00000000c1d00000, 0x00000000c1e00000|  0%| F|  |TAMS 0x00000000c1d00000, 0x00000000c1d00000| Untracked 
|  30|0x00000000c1e00000, 0x00000000c1e00000, 0x00000000c1f00000|  0%| F|  |TAMS 0x00000000c1e00000, 0x00000000c1e00000| Untracked 
|  31|0x00000000c1f00000, 0x00000000c1f00000, 0x00000000c2000000|  0%| F|  |TAMS 0x00000000c1f00000, 0x00000000c1f00000| Untracked 
|  32|0x00000000c2000000, 0x00000000c2000000, 0x00000000c2100000|  0%| F|  |TAMS 0x00000000c2000000, 0x00000000c2000000| Untracked 
|  33|0x00000000c2100000, 0x00000000c2100000, 0x00000000c2200000|  0%| F|  |TAMS 0x00000000c2100000, 0x00000000c2100000| Untracked 
|  34|0x00000000c2200000, 0x00000000c2200000, 0x00000000c2300000|  0%| F|  |TAMS 0x00000000c2200000, 0x00000000c2200000| Untracked 
|  35|0x00000000c2300000, 0x00000000c2300000, 0x00000000c2400000|  0%| F|  |TAMS 0x00000000c2300000, 0x00000000c2300000| Untracked 
|  36|0x00000000c2400000, 0x00000000c2400000, 0x00000000c2500000|  0%| F|  |TAMS 0x00000000c2400000, 0x00000000c2400000| Untracked 
|  37|0x00000000c2500000, 0x00000000c2500000, 0x00000000c2600000|  0%| F|  |TAMS 0x00000000c2500000, 0x00000000c2500000| Untracked 
|  38|0x00000000c2600000, 0x00000000c2600000, 0x00000000c2700000|  0%| F|  |TAMS 0x00000000c2600000, 0x00000000c2600000| Untracked 
|  39|0x00000000c2700000, 0x00000000c2700000, 0x00000000c2800000|  0%| F|  |TAMS 0x00000000c2700000, 0x00000000c2700000| Untracked 
|  40|0x00000000c2800000, 0x00000000c2800000, 0x00000000c2900000|  0%| F|  |TAMS 0x00000000c2800000, 0x00000000c2800000| Untracked 
|  41|0x00000000c2900000, 0x00000000c2900000, 0x00000000c2a00000|  0%| F|  |TAMS 0x00000000c2900000, 0x00000000c2900000| Untracked 
|  42|0x00000000c2a00000, 0x00000000c2a00000, 0x00000000c2b00000|  0%| F|  |TAMS 0x00000000c2a00000, 0x00000000c2a00000| Untracked 
|  43|0x00000000c2b00000, 0x00000000c2b00000, 0x00000000c2c00000|  0%| F|  |TAMS 0x00000000c2b00000, 0x00000000c2b00000| Untracked 
|  44|0x00000000c2c00000, 0x00000000c2c00000, 0x00000000c2d00000|  0%| F|  |TAMS 0x00000000c2c00000, 0x00000000c2c00000| Untracked 
|  45|0x00000000c2d00000, 0x00000000c2d00000, 0x00000000c2e00000|  0%| F|  |TAMS 0x00000000c2d00000, 0x00000000c2d00000| Untracked 
|  46|0x00000000c2e00000, 0x00000000c2e00000, 0x00000000c2f00000|  0%| F|  |TAMS 0x00000000c2e00000, 0x00000000c2e00000| Untracked 
|  47|0x00000000c2f00000, 0x00000000c2f00000, 0x00000000c3000000|  0%| F|  |TAMS 0x00000000c2f00000, 0x00000000c2f00000| Untracked 
|  48|0x00000000c3000000, 0x00000000c3000000, 0x00000000c3100000|  0%| F|  |TAMS 0x00000000c3000000, 0x00000000c3000000| Untracked 
|  49|0x00000000c3100000, 0x00000000c3100000, 0x00000000c3200000|  0%| F|  |TAMS 0x00000000c3100000, 0x00000000c3100000| Untracked 
|  50|0x00000000c3200000, 0x00000000c3200000, 0x00000000c3300000|  0%| F|  |TAMS 0x00000000c3200000, 0x00000000c3200000| Untracked 
|  51|0x00000000c3300000, 0x00000000c3300000, 0x00000000c3400000|  0%| F|  |TAMS 0x00000000c3300000, 0x00000000c3300000| Untracked 
|  52|0x00000000c3400000, 0x00000000c3400000, 0x00000000c3500000|  0%| F|  |TAMS 0x00000000c3400000, 0x00000000c3400000| Untracked 
|  53|0x00000000c3500000, 0x00000000c3500000, 0x00000000c3600000|  0%| F|  |TAMS 0x00000000c3500000, 0x00000000c3500000| Untracked 
|  54|0x00000000c3600000, 0x00000000c3600000, 0x00000000c3700000|  0%| F|  |TAMS 0x00000000c3600000, 0x00000000c3600000| Untracked 
|  55|0x00000000c3700000, 0x00000000c3700000, 0x00000000c3800000|  0%| F|  |TAMS 0x00000000c3700000, 0x00000000c3700000| Untracked 
|  56|0x00000000c3800000, 0x00000000c3900000, 0x00000000c3900000|100%| S|CS|TAMS 0x00000000c3800000, 0x00000000c3800000| Complete 
|  57|0x00000000c3900000, 0x00000000c3900000, 0x00000000c3a00000|  0%| F|  |TAMS 0x00000000c3900000, 0x00000000c3900000| Untracked 
|  58|0x00000000c3a00000, 0x00000000c3a00000, 0x00000000c3b00000|  0%| F|  |TAMS 0x00000000c3a00000, 0x00000000c3a00000| Untracked 
|  59|0x00000000c3b00000, 0x00000000c3b00000, 0x00000000c3c00000|  0%| F|  |TAMS 0x00000000c3b00000, 0x00000000c3b00000| Untracked 
|  60|0x00000000c3c00000, 0x00000000c3c80800, 0x00000000c3d00000| 50%| E|  |TAMS 0x00000000c3c00000, 0x00000000c3c00000| Complete 
|  61|0x00000000c3d00000, 0x00000000c3e00000, 0x00000000c3e00000|100%| E|CS|TAMS 0x00000000c3d00000, 0x00000000c3d00000| Complete 
|  62|0x00000000c3e00000, 0x00000000c3f00000, 0x00000000c3f00000|100%| E|CS|TAMS 0x00000000c3e00000, 0x00000000c3e00000| Complete 
|  63|0x00000000c3f00000, 0x00000000c4000000, 0x00000000c4000000|100%| E|CS|TAMS 0x00000000c3f00000, 0x00000000c3f00000| Complete 

Card table byte_map: [0x000001e0c6fe0000,0x000001e0c71e0000] _byte_map_base: 0x000001e0c69e0000

Marking Bits (Prev, Next): (CMBitMap*) 0x000001e0b415b0b8, (CMBitMap*) 0x000001e0b415b0f0
 Prev Bits: [0x000001e0c73e0000, 0x000001e0c83e0000)
 Next Bits: [0x000001e0c83e0000, 0x000001e0c93e0000)

Polling page: 0x000001e0b3900000

Metaspace:

Usage:
  Non-class:      9.48 MB capacity,     9.27 MB ( 98%) used,   190.64 KB (  2%) free+waste,    21.25 KB ( <1%) overhead. 
      Class:      1.09 MB capacity,     1.01 MB ( 92%) used,    73.38 KB (  7%) free+waste,    10.56 KB ( <1%) overhead. 
       Both:     10.57 MB capacity,    10.29 MB ( 97%) used,   264.02 KB (  2%) free+waste,    31.81 KB ( <1%) overhead. 

Virtual space:
  Non-class space:       10.00 MB reserved,       9.50 MB ( 95%) committed 
      Class space:        1.00 GB reserved,       1.13 MB ( <1%) committed 
             Both:        1.01 GB reserved,      10.63 MB (  1%) committed 

Chunk freelists:
   Non-Class:  19.00 KB
       Class:  0 bytes
        Both:  19.00 KB

CodeHeap 'non-profiled nmethods': size=120064Kb used=253Kb max_used=253Kb free=119810Kb
 bounds [0x000001e0bfaa0000, 0x000001e0bfd10000, 0x000001e0c6fe0000]
CodeHeap 'profiled nmethods': size=120000Kb used=1457Kb max_used=1457Kb free=118543Kb
 bounds [0x000001e0b8570000, 0x000001e0b87e0000, 0x000001e0bfaa0000]
CodeHeap 'non-nmethods': size=5696Kb used=1077Kb max_used=1092Kb free=4618Kb
 bounds [0x000001e0b7fe0000, 0x000001e0b8250000, 0x000001e0b8570000]
 total_blobs=1418 nmethods=869 adapters=300
 compilation: enabled
              stopped_count=0, restarted_count=0
 full_count=0

Compilation events (10 events):
Event: 1.099 Thread 0x000001e0cb6bf000 nmethod 865 0x000001e0b86da790 code [0x000001e0b86da940, 0x000001e0b86daab0]
Event: 1.100 Thread 0x000001e0cb6bf000  866       3       java.lang.invoke.InnerClassLambdaMetafactory::getLoadOpcode (25 bytes)
Event: 1.100 Thread 0x000001e0cb6bf000 nmethod 866 0x000001e0b86dab90 code [0x000001e0b86dad60, 0x000001e0b86dafe0]
Event: 1.100 Thread 0x000001e0cb6bf000  867       3       java.lang.invoke.InnerClassLambdaMetafactory::getParameterSize (27 bytes)
Event: 1.100 Thread 0x000001e0cb6bf000 nmethod 867 0x000001e0b86db110 code [0x000001e0b86db2c0, 0x000001e0b86db4f8]
Event: 1.100 Thread 0x000001e0cb6bf000  868       3       java.lang.invoke.TypeConvertingMethodAdapter::cast (42 bytes)
Event: 1.101 Thread 0x000001e0cb6bf000 nmethod 868 0x000001e0b86db590 code [0x000001e0b86db7a0, 0x000001e0b86dbc70]
Event: 1.101 Thread 0x000001e0cb6bf000  869       3       org.junit.platform.commons.util.Preconditions::notNull (15 bytes)
Event: 1.101 Thread 0x000001e0cb6bf000 nmethod 869 0x000001e0b86dbe10 code [0x000001e0b86dbfe0, 0x000001e0b86dc2f0]
Event: 1.101 Thread 0x000001e0cb6b4000 nmethod 842 0x000001e0bfadda90 code [0x000001e0bfaddc60, 0x000001e0bfadeb58]

GC Heap History (2 events):
Event: 0.891 GC heap before
{Heap before GC invocations=0 (full 0):
 garbage-first heap   total 65536K, used 6144K [0x00000000c0000000, 0x0000000100000000)
  region size 1024K, 7 young (7168K), 0 survivors (0K)
 Metaspace       used 9795K, capacity 10009K, committed 10240K, reserved 1058816K
  class space    used 928K, capacity 993K, committed 1024K, reserved 1048576K
}
Event: 0.951 GC heap after
{Heap after GC invocations=1 (full 0):
 garbage-first heap   total 65536K, used 2213K [0x00000000c0000000, 0x0000000100000000)
  region size 1024K, 1 young (1024K), 1 survivors (1024K)
 Metaspace       used 9795K, capacity 10009K, committed 10240K, reserved 1058816K
  class space    used 928K, capacity 993K, committed 1024K, reserved 1048576K
}

Deoptimization events (10 events):
Event: 0.599 Thread 0x000001e0b412d000 Uncommon trap: trap_request=0xffffff4d fr.pc=0x000001e0bfac3a1c relative=0x000000000000015c
Event: 0.599 Thread 0x000001e0b412d000 Uncommon trap: reason=unstable_if action=reinterpret pc=0x000001e0bfac3a1c method=java.util.HashMap.getNode(ILjava/lang/Object;)Ljava/util/HashMap$Node; @ 129 c2
Event: 0.599 Thread 0x000001e0b412d000 DEOPT PACKING pc=0x000001e0bfac3a1c sp=0x00000030290fcb90
Event: 0.599 Thread 0x000001e0b412d000 DEOPT UNPACKING pc=0x000001e0b8008129 sp=0x00000030290fcb00 mode 2
Event: 0.639 Thread 0x000001e0b412d000 DEOPT PACKING pc=0x000001e0b860b522 sp=0x00000030290fe130
Event: 0.639 Thread 0x000001e0b412d000 DEOPT UNPACKING pc=0x000001e0b8007f3f sp=0x00000030290fd598 mode 0
Event: 0.872 Thread 0x000001e0b412d000 Uncommon trap: trap_request=0xffffff4d fr.pc=0x000001e0bfaa2110 relative=0x0000000000000070
Event: 0.872 Thread 0x000001e0b412d000 Uncommon trap: reason=unstable_if action=reinterpret pc=0x000001e0bfaa2110 method=java.lang.String.isLatin1()Z @ 10 c2
Event: 0.872 Thread 0x000001e0b412d000 DEOPT PACKING pc=0x000001e0bfaa2110 sp=0x00000030290fe450
Event: 0.872 Thread 0x000001e0b412d000 DEOPT UNPACKING pc=0x000001e0b8008129 sp=0x00000030290fe390 mode 2

Classes redefined (0 events):
No events

Internal exceptions (10 events):
Event: 0.768 Thread 0x000001e0b412d000 Exception <a 'java/lang/NoSuchMethodError'{0x00000000c3afaf90}: 'java.lang.Object java.lang.invoke.DirectMethodHandle$Holder.invokeStaticInit(java.lang.Object, java.lang.Object, java.lang.Object)'> (0x00000000c3afaf90) thrown at [c:/BuildAgent/work/5ff2f6
Event: 0.771 Thread 0x000001e0b412d000 Exception <a 'java/lang/NoSuchMethodError'{0x00000000c3902790}: 'void java.lang.invoke.DirectMethodHandle$Holder.invokeStaticInit(java.lang.Object, java.lang.Object, java.lang.Object)'> (0x00000000c3902790) thrown at [c:/BuildAgent/work/5ff2f6c26000d570/s
Event: 0.782 Thread 0x000001e0b412d000 Exception <a 'java/lang/NoSuchMethodError'{0x00000000c394d9a8}: 'int java.lang.invoke.DirectMethodHandle$Holder.invokeVirtual(java.lang.Object, java.lang.Object)'> (0x00000000c394d9a8) thrown at [c:/BuildAgent/work/5ff2f6c26000d570/src/hotspot/share/inter
Event: 0.874 Thread 0x000001e0b412d000 Exception <a 'java/lang/NoSuchMethodError'{0x00000000c39c60f8}: 'java.lang.Object java.lang.invoke.DirectMethodHandle$Holder.invokeStaticInit(java.lang.Object, int)'> (0x00000000c39c60f8) thrown at [c:/BuildAgent/work/5ff2f6c26000d570/src/hotspot/share/in
Event: 1.055 Thread 0x000001e0b412d000 Exception <a 'java/lang/IncompatibleClassChangeError'{0x00000000c3ef8340}: Found class java.lang.Object, but interface was expected> (0x00000000c3ef8340) thrown at [c:/BuildAgent/work/5ff2f6c26000d570/src/hotspot/share/interpreter/linkResolver.cpp, line 8
Event: 1.061 Thread 0x000001e0b412d000 Exception <a 'java/lang/NoSuchMethodError'{0x00000000c3d1af20}: 'void java.lang.invoke.DirectMethodHandle$Holder.invokeStatic(java.lang.Object, java.lang.Object, java.lang.Object, java.lang.Object)'> (0x00000000c3d1af20) thrown at [c:/BuildAgent/work/5ff2
Event: 1.075 Thread 0x000001e0b412d000 Exception <a 'java/lang/NoSuchMethodError'{0x00000000c3d7e5e8}: 'int java.lang.invoke.DirectMethodHandle$Holder.invokeSpecialIFC(java.lang.Object, java.lang.Object, java.lang.Object, java.lang.Object)'> (0x00000000c3d7e5e8) thrown at [c:/BuildAgent/work/5
Event: 1.085 Thread 0x000001e0b412d000 Exception <a 'java/lang/NoSuchMethodError'{0x00000000c3dd2528}: 'void java.lang.invoke.DirectMethodHandle$Holder.invokeInterface(java.lang.Object, java.lang.Object)'> (0x00000000c3dd2528) thrown at [c:/BuildAgent/work/5ff2f6c26000d570/src/hotspot/share/in
Event: 1.085 Thread 0x000001e0b412d000 Exception <a 'java/lang/IncompatibleClassChangeError'{0x00000000c3dd5430}: Found class java.lang.Object, but interface was expected> (0x00000000c3dd5430) thrown at [c:/BuildAgent/work/5ff2f6c26000d570/src/hotspot/share/interpreter/linkResolver.cpp, line 8
Event: 1.093 Thread 0x000001e0b412d000 Exception <a 'java/lang/NoSuchMethodError'{0x00000000c3c067d8}: 'java.lang.Object java.lang.invoke.Invokers$Holder.linkToTargetMethod(java.lang.Object, java.lang.Object, java.lang.Object, java.lang.Object, java.lang.Object, java.lang.Object)'> (0x00000000

Events (10 events):
Event: 1.100 loading class org/junit/platform/engine/TestDescriptor
Event: 1.100 loading class org/junit/platform/engine/TestDescriptor done
Event: 1.100 loading class org/junit/jupiter/engine/discovery/MethodSelectorResolver$MethodType
Event: 1.100 loading class org/junit/jupiter/engine/discovery/MethodSelectorResolver$MethodType done
Event: 1.101 loading class org/junit/platform/engine/TestDescriptor
Event: 1.101 loading class org/junit/platform/engine/TestDescriptor done
Event: 1.101 loading class org/junit/platform/engine/TestDescriptor
Event: 1.101 loading class org/junit/platform/engine/TestDescriptor done
Event: 1.101 loading class org/junit/jupiter/engine/discovery/ClassSelectorResolver
Event: 1.101 loading class org/junit/jupiter/engine/discovery/ClassSelectorResolver done


Dynamic libraries:
0x00007ff7204c0000 - 0x00007ff720507000 	C:\Program Files\JetBrains\IntelliJ IDEA Community Edition 2019.2.2\jbr\bin\java.exe
0x00007ff904460000 - 0x00007ff904650000 	C:\Windows\SYSTEM32\ntdll.dll
0x00007ff903d90000 - 0x00007ff903e42000 	C:\Windows\System32\KERNEL32.DLL
0x00007ff901b70000 - 0x00007ff901e13000 	C:\Windows\System32\KERNELBASE.dll
0x00007ff903be0000 - 0x00007ff903d74000 	C:\Windows\System32\USER32.dll
0x00007ff902150000 - 0x00007ff902171000 	C:\Windows\System32\win32u.dll
0x00007ff903920000 - 0x00007ff903946000 	C:\Windows\System32\GDI32.dll
0x00007ff902280000 - 0x00007ff902414000 	C:\Windows\System32\gdi32full.dll
0x00007ff901e50000 - 0x00007ff901eee000 	C:\Windows\System32\msvcp_win.dll
0x00007ff902180000 - 0x00007ff90227a000 	C:\Windows\System32\ucrtbase.dll
0x00007ff8fa800000 - 0x00007ff8faa85000 	C:\Windows\WinSxS\amd64_microsoft.windows.common-controls_6595b64144ccf1df_6.0.18362.418_none_e6c6b287130d565d\COMCTL32.dll
0x00007ff903ae0000 - 0x00007ff903b7e000 	C:\Windows\System32\msvcrt.dll
0x00007ff903e50000 - 0x00007ff904186000 	C:\Windows\System32\combase.dll
0x00007ff902df0000 - 0x00007ff902f10000 	C:\Windows\System32\RPCRT4.dll
0x00007ff902440000 - 0x00007ff9024c0000 	C:\Windows\System32\bcryptPrimitives.dll
0x00007ff903950000 - 0x00007ff90397e000 	C:\Windows\System32\IMM32.DLL
0x00007ff8ed060000 - 0x00007ff8ed077000 	C:\Program Files\JetBrains\IntelliJ IDEA Community Edition 2019.2.2\jbr\bin\vcruntime140.dll
0x00007ff8d3c80000 - 0x00007ff8d3d1d000 	C:\Program Files\JetBrains\IntelliJ IDEA Community Edition 2019.2.2\jbr\bin\msvcp140.dll
0x00007ff8b7200000 - 0x00007ff8b7cb8000 	C:\Program Files\JetBrains\IntelliJ IDEA Community Edition 2019.2.2\jbr\bin\server\jvm.dll
0x00007ff902d40000 - 0x00007ff902de3000 	C:\Windows\System32\ADVAPI32.dll
0x00007ff902990000 - 0x00007ff902a27000 	C:\Windows\System32\sechost.dll
0x00007ff902510000 - 0x00007ff902518000 	C:\Windows\System32\PSAPI.DLL
0x00007ff8fde10000 - 0x00007ff8fde19000 	C:\Windows\SYSTEM32\WSOCK32.dll
0x00007ff904270000 - 0x00007ff9042df000 	C:\Windows\System32\WS2_32.dll
0x00007ff8ff310000 - 0x00007ff8ff334000 	C:\Windows\SYSTEM32\WINMM.dll
0x00007ff8fb0f0000 - 0x00007ff8fb0fa000 	C:\Windows\SYSTEM32\VERSION.dll
0x00007ff8fee40000 - 0x00007ff8fee6d000 	C:\Windows\SYSTEM32\WINMMBASE.dll
0x00007ff9024c0000 - 0x00007ff90250a000 	C:\Windows\System32\cfgmgr32.dll
0x00007ff901340000 - 0x00007ff901351000 	C:\Windows\System32\kernel.appcore.dll
0x00007ff8fdc60000 - 0x00007ff8fdc71000 	C:\Program Files\JetBrains\IntelliJ IDEA Community Edition 2019.2.2\jbr\bin\verify.dll
0x00007ff8eee50000 - 0x00007ff8ef044000 	C:\Windows\SYSTEM32\DBGHELP.DLL
0x00007ff8eec80000 - 0x00007ff8eecaa000 	C:\Windows\SYSTEM32\dbgcore.DLL
0x00007ff8fcb40000 - 0x00007ff8fcb69000 	C:\Program Files\JetBrains\IntelliJ IDEA Community Edition 2019.2.2\jbr\bin\java.dll
0x00007ff8ede20000 - 0x00007ff8ede54000 	C:\Program Files\JetBrains\IntelliJ IDEA Community Edition 2019.2.2\jbr\bin\instrument.dll
0x00007ff8fdc00000 - 0x00007ff8fdc17000 	C:\Program Files\JetBrains\IntelliJ IDEA Community Edition 2019.2.2\jbr\bin\zip.dll
0x00007ff8fddf0000 - 0x00007ff8fddfb000 	C:\Program Files\JetBrains\IntelliJ IDEA Community Edition 2019.2.2\jbr\bin\jimage.dll
0x00007ff902f10000 - 0x00007ff9035f5000 	C:\Windows\System32\SHELL32.dll
0x00007ff903870000 - 0x00007ff903919000 	C:\Windows\System32\shcore.dll
0x00007ff9013f0000 - 0x00007ff901b6f000 	C:\Windows\System32\windows.storage.dll
0x00007ff9013d0000 - 0x00007ff9013ef000 	C:\Windows\System32\profapi.dll
0x00007ff901360000 - 0x00007ff9013aa000 	C:\Windows\System32\powrprof.dll
0x00007ff901330000 - 0x00007ff901340000 	C:\Windows\System32\UMPDC.dll
0x00007ff904340000 - 0x00007ff904392000 	C:\Windows\System32\shlwapi.dll
0x00007ff902420000 - 0x00007ff902437000 	C:\Windows\System32\cryptsp.dll
0x00007ff8fdb90000 - 0x00007ff8fdbaa000 	C:\Program Files\JetBrains\IntelliJ IDEA Community Edition 2019.2.2\jbr\bin\net.dll
0x00007ff8faa90000 - 0x00007ff8fab80000 	C:\Windows\SYSTEM32\WINHTTP.dll
0x00007ff8f9f50000 - 0x00007ff8fa126000 	C:\Windows\SYSTEM32\urlmon.dll
0x00007ff8f9ca0000 - 0x00007ff8f9f46000 	C:\Windows\SYSTEM32\iertutil.dll
0x00007ff900d70000 - 0x00007ff900d7c000 	C:\Windows\SYSTEM32\CRYPTBASE.DLL
0x00007ff900ba0000 - 0x00007ff900c07000 	C:\Windows\system32\mswsock.dll
0x00007ff8f5bc0000 - 0x00007ff8f5bd4000 	C:\Program Files\JetBrains\IntelliJ IDEA Community Edition 2019.2.2\jbr\bin\nio.dll
0x00007ff8ee180000 - 0x00007ff8ee19a000 	C:\Program Files\JetBrains\IntelliJ IDEA Community Edition 2019.2.2\bin\breakgen64.dll

dbghelp: loaded successfully - version: 4.0.5 - missing functions: none
symbol engine: initialized successfully - sym options: 0x614 - pdb path: .;C:\Program Files\JetBrains\IntelliJ IDEA Community Edition 2019.2.2\jbr\bin;C:\Windows\SYSTEM32;C:\Windows\WinSxS\amd64_microsoft.windows.common-controls_6595b64144ccf1df_6.0.18362.418_none_e6c6b287130d565d;C:\Program Files\JetBrains\IntelliJ IDEA Community Edition 2019.2.2\jbr\bin\server;C:\Program Files\JetBrains\IntelliJ IDEA Community Edition 2019.2.2\bin

VM Arguments:
jvm_args: -ea -Didea.test.cyclic.buffer.size=1048576 -javaagent:C:\Program Files\JetBrains\IntelliJ IDEA Community Edition 2019.2.2\lib\idea_rt.jar=56677:C:\Program Files\JetBrains\IntelliJ IDEA Community Edition 2019.2.2\bin -Dfile.encoding=UTF-8 
java_command: com.intellij.rt.execution.junit.JUnitStarter -ideVersion5 -junit5 lesson3.task1.Tests,squareBetweenExists
java_class_path (initial): C:\Program Files\JetBrains\IntelliJ IDEA Community Edition 2019.2.2\lib\idea_rt.jar;C:\Program Files\JetBrains\IntelliJ IDEA Community Edition 2019.2.2\plugins\junit\lib\junit-rt.jar;C:\Program Files\JetBrains\IntelliJ IDEA Community Edition 2019.2.2\plugins\junit\lib\junit5-rt.jar;C:\Users\esyre\.m2\repository\org\junit\platform\junit-platform-launcher\1.5.1\junit-platform-launcher-1.5.1.jar;C:\Users\esyre\.m2\repository\org\apiguardian\apiguardian-api\1.1.0\apiguardian-api-1.1.0.jar;C:\Users\esyre\.m2\repository\org\junit\platform\junit-platform-engine\1.5.1\junit-platform-engine-1.5.1.jar;C:\Users\esyre\.m2\repository\org\opentest4j\opentest4j\1.2.0\opentest4j-1.2.0.jar;C:\Users\esyre\.m2\repository\org\junit\platform\junit-platform-commons\1.5.1\junit-platform-commons-1.5.1.jar;C:\Users\esyre\.m2\repository\org\junit\vintage\junit-vintage-engine\5.5.1\junit-vintage-engine-5.5.1.jar;C:\Users\esyre\.m2\repository\junit\junit\4.12\junit-4.12.jar;C:\Users\esyre\.m2\repository\org\hamcrest\hamcrest-core\1.3\hamcrest-core-1.3.jar;C:\Users\esyre\IdeaProjects\KotlinAsFirst2019\target\test-classes;C:\Users\esyre\IdeaProjects\KotlinAsFirst2019\target\classes;C:\Users\esyre\.m2\repository\org\jetbrains\kotlin\kotlin-stdlib\1.3.41\kotlin-stdlib-1.3.41.jar;C:\Users\esyre\.m2\repository\org\jetbrains\kotlin\kotlin-stdlib-common\1.3.41\kotlin-stdlib-common-1.3.41.jar;C:\Users\esyre\.m2\repository\org\jetbrains\annotations\13.0\annotations-13.0.jar;C:\Users\esyre\.m2\repository\org\jetbrains\kotlin\kotlin-reflect\1.3.41\kotlin-reflect-1.3.41.jar;C:\Users\esyre\.m2\repository\org\jetbrains\kotlinx\kotlinx-html-jvm\0.6.12\kotlinx-html-jvm-0.6.12.jar;C:\Users\esyre\.m2\repository\ru\spbstu\kcheck\0.0.0.4\kcheck-0.0.0.4.jar;C:\Users\esyre\.m2\repository\ru\spbstu\kotlin-type-classes\0.0.0.4\kotlin-type-classes-0.0.0.4.jar;C:\Users\esyre\.m2\repository\ru\spbstu\kotlin-wheels\0.0.0.1\kotlin-wheels-0.0.0.1.jar;C:\Users\esyre\.m2\repository\ru\spbstu\kotli
Launcher Type: SUN_STANDARD

[Global flags]
     intx CICompilerCount                          = 2                                         {product} {ergonomic}
     uint ConcGCThreads                            = 1                                         {product} {ergonomic}
     uint G1ConcRefinementThreads                  = 2                                         {product} {ergonomic}
   size_t G1HeapRegionSize                         = 1048576                                   {product} {ergonomic}
    uintx GCDrainStackTargetSize                   = 64                                        {product} {ergonomic}
   size_t InitialHeapSize                          = 67108864                                  {product} {ergonomic}
   size_t MarkStackSize                            = 4194304                                   {product} {ergonomic}
   size_t MaxHeapSize                              = 1073741824                                {product} {ergonomic}
   size_t MaxNewSize                               = 643825664                                 {product} {ergonomic}
   size_t MinHeapDeltaBytes                        = 1048576                                   {product} {ergonomic}
    uintx NonNMethodCodeHeapSize                   = 5824844                                {pd product} {ergonomic}
    uintx NonProfiledCodeHeapSize                  = 122916698                              {pd product} {ergonomic}
    uintx ProfiledCodeHeapSize                     = 122916698                              {pd product} {ergonomic}
    uintx ReservedCodeCacheSize                    = 251658240                              {pd product} {ergonomic}
     bool SegmentedCodeCache                       = true                                      {product} {ergonomic}
     bool UseCompressedClassPointers               = true                                 {lp64_product} {ergonomic}
     bool UseCompressedOops                        = true                                 {lp64_product} {ergonomic}
     bool UseG1GC                                  = true                                      {product} {ergonomic}
     bool UseLargePagesIndividualAllocation        = false                                  {pd product} {ergonomic}

Logging:
Log output configuration:
 #0: stdout all=warning uptime,level,tags
 #1: stderr all=off uptime,level,tags

Environment Variables:
PATH=;C:\Program Files (x86)\Common Files\Intel\Shared Libraries\redist\intel64\compiler;C:\Windows\system32;C:\Windows;C:\Windows\System32\Wbem;C:\Windows\System32\WindowsPowerShell\v1.0\;C:\Windows\System32\OpenSSH\;C:\Program Files (x86)\Common Files\Acronis\SnapAPI\;C:\Program Files\Git\cmd;C:\Users\esyre\AppData\Local\Microsoft\WindowsApps;C:\adb;C:\Users\esyre\AppData\Local\Microsoft\WindowsApps;
USERNAME=esyre
OS=Windows_NT
PROCESSOR_IDENTIFIER=Intel64 Family 6 Model 23 Stepping 10, GenuineIntel



---------------  S Y S T E M  ---------------

OS: Windows 10 , 64 bit Build 18362 (10.0.18362.329)

CPU:total 2 (initial active 2) (2 cores per cpu, 1 threads per core) family 6 model 23 stepping 10, cmov, cx8, fxsr, mmx, sse, sse2, sse3, ssse3, sse4.1, tsc

Memory: 4k page, system-wide physical 4095M (474M free)
TotalPageFile size 14847M (AvailPageFile size 7001M)
current process WorkingSet (physical memory assigned to process): 55M, peak: 55M
current process commit charge ("private bytes"): 135M, peak: 136M

vm_info: OpenJDK 64-Bit Server VM (11.0.4+10-b304.69) for windows-amd64 JRE (11.0.4+10-b304.69), built on Sep  9 2019 11:39:50 by "" with MS VC++ 14.0 (VS2015)

END.
